{"/Users/onur/projects/e-commerce/src/App.css": {"path":"/Users/onur/projects/e-commerce/src/App.css","statementMap":{},"fnMap":{},"branchMap":{},"s":{},"f":{},"b":{},"meta":{"lastBranch":0,"lastFunction":0,"lastStatement":0,"seen":{}}}
,"/Users/onur/projects/e-commerce/src/App.jsx": {"path":"/Users/onur/projects/e-commerce/src/App.jsx","statementMap":{"0":{"start":{"line":10,"column":2},"end":{"line":18,"column":null}}},"fnMap":{"0":{"name":"App","decl":{"start":{"line":9,"column":9},"end":{"line":9,"column":15}},"loc":{"start":{"line":9,"column":15},"end":{"line":20,"column":null}},"line":9}},"branchMap":{},"s":{"0":2},"f":{"0":2},"b":{},"meta":{"lastBranch":0,"lastFunction":1,"lastStatement":1,"seen":{"f:9:9:9:15":0,"s:10:2:18:Infinity":0}}}
,"/Users/onur/projects/e-commerce/src/index.css": {"path":"/Users/onur/projects/e-commerce/src/index.css","statementMap":{},"fnMap":{},"branchMap":{},"s":{},"f":{},"b":{},"meta":{"lastBranch":0,"lastFunction":0,"lastStatement":0,"seen":{}}}
,"/Users/onur/projects/e-commerce/src/main.jsx": {"path":"/Users/onur/projects/e-commerce/src/main.jsx","statementMap":{"0":{"start":{"line":9,"column":0},"end":{"line":15,"column":null}}},"fnMap":{},"branchMap":{},"s":{"0":1},"f":{},"b":{},"meta":{"lastBranch":0,"lastFunction":0,"lastStatement":1,"seen":{"s:9:0:15:Infinity":0}}}
,"/Users/onur/projects/e-commerce/src/components/CartDrawer.jsx": {"path":"/Users/onur/projects/e-commerce/src/components/CartDrawer.jsx","statementMap":{"0":{"start":{"line":8,"column":19},"end":{"line":45,"column":null}},"1":{"start":{"line":9,"column":42},"end":{"line":9,"column":null}},"2":{"start":{"line":9,"column":69},"end":{"line":9,"column":79}},"3":{"start":{"line":10,"column":10},"end":{"line":10,"column":null}},"4":{"start":{"line":12,"column":4},"end":{"line":14,"column":null}},"5":{"start":{"line":13,"column":8},"end":{"line":13,"column":null}},"6":{"start":{"line":16,"column":4},"end":{"line":43,"column":null}},"7":{"start":{"line":17,"column":80},"end":{"line":17,"column":null}},"8":{"start":{"line":19,"column":40},"end":{"line":19,"column":63}},"9":{"start":{"line":22,"column":24},"end":{"line":37,"column":null}},"10":{"start":{"line":33,"column":36},"end":{"line":33,"column":null}},"11":{"start":{"line":34,"column":36},"end":{"line":34,"column":null}}},"fnMap":{"0":{"name":"(anonymous_0)","decl":{"start":{"line":8,"column":19},"end":{"line":8,"column":25}},"loc":{"start":{"line":8,"column":25},"end":{"line":45,"column":null}},"line":8},"1":{"name":"(anonymous_1)","decl":{"start":{"line":9,"column":58},"end":{"line":9,"column":59}},"loc":{"start":{"line":9,"column":69},"end":{"line":9,"column":79}},"line":9},"2":{"name":"(anonymous_2)","decl":{"start":{"line":12,"column":14},"end":{"line":12,"column":20}},"loc":{"start":{"line":12,"column":20},"end":{"line":14,"column":7}},"line":12},"3":{"name":"(anonymous_3)","decl":{"start":{"line":17,"column":74},"end":{"line":17,"column":80}},"loc":{"start":{"line":17,"column":80},"end":{"line":17,"column":null}},"line":17},"4":{"name":"(anonymous_4)","decl":{"start":{"line":19,"column":34},"end":{"line":19,"column":40}},"loc":{"start":{"line":19,"column":40},"end":{"line":19,"column":63}},"line":19},"5":{"name":"(anonymous_5)","decl":{"start":{"line":21,"column":34},"end":{"line":21,"column":35}},"loc":{"start":{"line":21,"column":47},"end":{"line":39,"column":21}},"line":21},"6":{"name":"(anonymous_6)","decl":{"start":{"line":32,"column":68},"end":{"line":32,"column":69}},"loc":{"start":{"line":32,"column":75},"end":{"line":35,"column":null}},"line":32}},"branchMap":{},"s":{"0":2,"1":5,"2":10,"3":5,"4":5,"5":5,"6":5,"7":0,"8":1,"9":5,"10":1,"11":1},"f":{"0":5,"1":10,"2":5,"3":0,"4":1,"5":5,"6":1},"b":{},"meta":{"lastBranch":0,"lastFunction":7,"lastStatement":12,"seen":{"s:8:19:45:Infinity":0,"f:8:19:8:25":0,"s:9:42:9:Infinity":1,"f:9:58:9:59":1,"s:9:69:9:79":2,"s:10:10:10:Infinity":3,"s:12:4:14:Infinity":4,"f:12:14:12:20":2,"s:13:8:13:Infinity":5,"s:16:4:43:Infinity":6,"f:17:74:17:80":3,"s:17:80:17:Infinity":7,"f:19:34:19:40":4,"s:19:40:19:63":8,"f:21:34:21:35":5,"s:22:24:37:Infinity":9,"f:32:68:32:69":6,"s:33:36:33:Infinity":10,"s:34:36:34:Infinity":11}}}
,"/Users/onur/projects/e-commerce/src/components/Header.jsx": {"path":"/Users/onur/projects/e-commerce/src/components/Header.jsx","statementMap":{"0":{"start":{"line":12,"column":15},"end":{"line":49,"column":null}},"1":{"start":{"line":13,"column":26},"end":{"line":13,"column":null}},"2":{"start":{"line":14,"column":21},"end":{"line":14,"column":null}},"3":{"start":{"line":14,"column":48},"end":{"line":14,"column":58}},"4":{"start":{"line":15,"column":10},"end":{"line":15,"column":null}},"5":{"start":{"line":16,"column":10},"end":{"line":16,"column":null}},"6":{"start":{"line":18,"column":24},"end":{"line":20,"column":null}},"7":{"start":{"line":19,"column":8},"end":{"line":19,"column":null}},"8":{"start":{"line":22,"column":25},"end":{"line":24,"column":null}},"9":{"start":{"line":23,"column":8},"end":{"line":23,"column":null}},"10":{"start":{"line":26,"column":27},"end":{"line":28,"column":null}},"11":{"start":{"line":27,"column":8},"end":{"line":27,"column":null}},"12":{"start":{"line":30,"column":4},"end":{"line":47,"column":null}},"13":{"start":{"line":40,"column":57},"end":{"line":40,"column":80}}},"fnMap":{"0":{"name":"(anonymous_0)","decl":{"start":{"line":12,"column":15},"end":{"line":12,"column":21}},"loc":{"start":{"line":12,"column":21},"end":{"line":49,"column":null}},"line":12},"1":{"name":"(anonymous_1)","decl":{"start":{"line":14,"column":37},"end":{"line":14,"column":38}},"loc":{"start":{"line":14,"column":48},"end":{"line":14,"column":58}},"line":14},"2":{"name":"(anonymous_2)","decl":{"start":{"line":18,"column":24},"end":{"line":18,"column":30}},"loc":{"start":{"line":18,"column":30},"end":{"line":20,"column":null}},"line":18},"3":{"name":"(anonymous_3)","decl":{"start":{"line":22,"column":25},"end":{"line":22,"column":26}},"loc":{"start":{"line":22,"column":32},"end":{"line":24,"column":null}},"line":22},"4":{"name":"(anonymous_4)","decl":{"start":{"line":26,"column":27},"end":{"line":26,"column":33}},"loc":{"start":{"line":26,"column":33},"end":{"line":28,"column":null}},"line":26},"5":{"name":"(anonymous_5)","decl":{"start":{"line":40,"column":51},"end":{"line":40,"column":57}},"loc":{"start":{"line":40,"column":57},"end":{"line":40,"column":80}},"line":40}},"branchMap":{"0":{"loc":{"start":{"line":43,"column":24},"end":{"line":43,"column":null}},"type":"cond-expr","locations":[{"start":{"line":43,"column":32},"end":{"line":43,"column":85}},{"start":{"line":43,"column":85},"end":{"line":43,"column":null}}],"line":43}},"s":{"0":2,"1":7,"2":7,"3":13,"4":7,"5":7,"6":7,"7":1,"8":7,"9":1,"10":7,"11":1,"12":7,"13":1},"f":{"0":7,"1":13,"2":1,"3":1,"4":1,"5":1},"b":{"0":[1,6]},"meta":{"lastBranch":1,"lastFunction":6,"lastStatement":14,"seen":{"s:12:15:49:Infinity":0,"f:12:15:12:21":0,"s:13:26:13:Infinity":1,"s:14:21:14:Infinity":2,"f:14:37:14:38":1,"s:14:48:14:58":3,"s:15:10:15:Infinity":4,"s:16:10:16:Infinity":5,"s:18:24:20:Infinity":6,"f:18:24:18:30":2,"s:19:8:19:Infinity":7,"s:22:25:24:Infinity":8,"f:22:25:22:26":3,"s:23:8:23:Infinity":9,"s:26:27:28:Infinity":10,"f:26:27:26:33":4,"s:27:8:27:Infinity":11,"s:30:4:47:Infinity":12,"f:40:51:40:57":5,"s:40:57:40:80":13,"b:43:32:43:85:43:85:43:Infinity":0}}}
,"/Users/onur/projects/e-commerce/src/components/Loading.jsx": {"path":"/Users/onur/projects/e-commerce/src/components/Loading.jsx","statementMap":{"0":{"start":{"line":5,"column":16},"end":{"line":15,"column":null}},"1":{"start":{"line":6,"column":20},"end":{"line":6,"column":null}},"2":{"start":{"line":6,"column":47},"end":{"line":6,"column":60}},"3":{"start":{"line":8,"column":4},"end":{"line":13,"column":null}}},"fnMap":{"0":{"name":"(anonymous_0)","decl":{"start":{"line":5,"column":16},"end":{"line":5,"column":22}},"loc":{"start":{"line":5,"column":22},"end":{"line":15,"column":null}},"line":5},"1":{"name":"(anonymous_1)","decl":{"start":{"line":6,"column":36},"end":{"line":6,"column":37}},"loc":{"start":{"line":6,"column":47},"end":{"line":6,"column":60}},"line":6}},"branchMap":{"0":{"loc":{"start":{"line":11,"column":16},"end":{"line":11,"column":null}},"type":"cond-expr","locations":[{"start":{"line":11,"column":26},"end":{"line":11,"column":63}},{"start":{"line":11,"column":63},"end":{"line":11,"column":null}}],"line":11}},"s":{"0":2,"1":2,"2":4,"3":2},"f":{"0":2,"1":4},"b":{"0":[1,1]},"meta":{"lastBranch":1,"lastFunction":2,"lastStatement":4,"seen":{"s:5:16:15:Infinity":0,"f:5:16:5:22":0,"s:6:20:6:Infinity":1,"f:6:36:6:37":1,"s:6:47:6:60":2,"s:8:4:13:Infinity":3,"b:11:26:11:63:11:63:11:Infinity":0}}}
,"/Users/onur/projects/e-commerce/src/components/NotFound.jsx": {"path":"/Users/onur/projects/e-commerce/src/components/NotFound.jsx","statementMap":{"0":{"start":{"line":5,"column":17},"end":{"line":12,"column":null}},"1":{"start":{"line":6,"column":10},"end":{"line":6,"column":null}},"2":{"start":{"line":7,"column":4},"end":{"line":10,"column":null}},"3":{"start":{"line":9,"column":53},"end":{"line":9,"column":68}}},"fnMap":{"0":{"name":"(anonymous_0)","decl":{"start":{"line":5,"column":17},"end":{"line":5,"column":23}},"loc":{"start":{"line":5,"column":23},"end":{"line":12,"column":null}},"line":5},"1":{"name":"(anonymous_1)","decl":{"start":{"line":9,"column":47},"end":{"line":9,"column":53}},"loc":{"start":{"line":9,"column":53},"end":{"line":9,"column":68}},"line":9}},"branchMap":{},"s":{"0":1,"1":0,"2":0,"3":0},"f":{"0":0,"1":0},"b":{},"meta":{"lastBranch":0,"lastFunction":2,"lastStatement":4,"seen":{"s:5:17:12:Infinity":0,"f:5:17:5:23":0,"s:6:10:6:Infinity":1,"s:7:4:10:Infinity":2,"f:9:47:9:53":1,"s:9:53:9:68":3}}}
,"/Users/onur/projects/e-commerce/src/components/Product.jsx": {"path":"/Users/onur/projects/e-commerce/src/components/Product.jsx","statementMap":{"0":{"start":{"line":5,"column":16},"end":{"line":26,"column":null}},"1":{"start":{"line":6,"column":53},"end":{"line":6,"column":null}},"2":{"start":{"line":8,"column":10},"end":{"line":8,"column":null}},"3":{"start":{"line":10,"column":27},"end":{"line":12,"column":null}},"4":{"start":{"line":11,"column":8},"end":{"line":11,"column":null}},"5":{"start":{"line":14,"column":4},"end":{"line":24,"column":null}}},"fnMap":{"0":{"name":"(anonymous_0)","decl":{"start":{"line":5,"column":16},"end":{"line":5,"column":17}},"loc":{"start":{"line":5,"column":33},"end":{"line":26,"column":null}},"line":5},"1":{"name":"(anonymous_1)","decl":{"start":{"line":10,"column":27},"end":{"line":10,"column":33}},"loc":{"start":{"line":10,"column":33},"end":{"line":12,"column":null}},"line":10}},"branchMap":{},"s":{"0":1,"1":0,"2":0,"3":0,"4":0,"5":0},"f":{"0":0,"1":0},"b":{},"meta":{"lastBranch":0,"lastFunction":2,"lastStatement":6,"seen":{"s:5:16:26:Infinity":0,"f:5:16:5:17":0,"s:6:53:6:Infinity":1,"s:8:10:8:Infinity":2,"s:10:27:12:Infinity":3,"f:10:27:10:33":1,"s:11:8:11:Infinity":4,"s:14:4:24:Infinity":5}}}
,"/Users/onur/projects/e-commerce/src/components/ProductDetails.jsx": {"path":"/Users/onur/projects/e-commerce/src/components/ProductDetails.jsx","statementMap":{"0":{"start":{"line":10,"column":23},"end":{"line":84,"column":null}},"1":{"start":{"line":11,"column":15},"end":{"line":11,"column":null}},"2":{"start":{"line":12,"column":47},"end":{"line":12,"column":null}},"3":{"start":{"line":12,"column":74},"end":{"line":12,"column":87}},"4":{"start":{"line":13,"column":49},"end":{"line":13,"column":null}},"5":{"start":{"line":15,"column":26},"end":{"line":15,"column":null}},"6":{"start":{"line":17,"column":10},"end":{"line":17,"column":null}},"7":{"start":{"line":19,"column":4},"end":{"line":21,"column":null}},"8":{"start":{"line":20,"column":8},"end":{"line":20,"column":null}},"9":{"start":{"line":23,"column":10},"end":{"line":33,"column":null}},"10":{"start":{"line":24,"column":8},"end":{"line":32,"column":null}},"11":{"start":{"line":25,"column":12},"end":{"line":29,"column":null}},"12":{"start":{"line":26,"column":16},"end":{"line":28,"column":null}},"13":{"start":{"line":27,"column":20},"end":{"line":27,"column":null}},"14":{"start":{"line":31,"column":12},"end":{"line":31,"column":null}},"15":{"start":{"line":35,"column":22},"end":{"line":37,"column":null}},"16":{"start":{"line":36,"column":8},"end":{"line":36,"column":null}},"17":{"start":{"line":39,"column":22},"end":{"line":43,"column":null}},"18":{"start":{"line":40,"column":8},"end":{"line":42,"column":null}},"19":{"start":{"line":41,"column":12},"end":{"line":41,"column":null}},"20":{"start":{"line":45,"column":27},"end":{"line":56,"column":null}},"21":{"start":{"line":46,"column":24},"end":{"line":53,"column":null}},"22":{"start":{"line":54,"column":8},"end":{"line":54,"column":null}},"23":{"start":{"line":55,"column":8},"end":{"line":55,"column":null}},"24":{"start":{"line":58,"column":4},"end":{"line":82,"column":null}}},"fnMap":{"0":{"name":"(anonymous_0)","decl":{"start":{"line":10,"column":23},"end":{"line":10,"column":29}},"loc":{"start":{"line":10,"column":29},"end":{"line":84,"column":null}},"line":10},"1":{"name":"(anonymous_1)","decl":{"start":{"line":12,"column":63},"end":{"line":12,"column":64}},"loc":{"start":{"line":12,"column":74},"end":{"line":12,"column":87}},"line":12},"2":{"name":"(anonymous_2)","decl":{"start":{"line":19,"column":14},"end":{"line":19,"column":20}},"loc":{"start":{"line":19,"column":20},"end":{"line":21,"column":7}},"line":19},"3":{"name":"(anonymous_3)","decl":{"start":{"line":23,"column":39},"end":{"line":23,"column":45}},"loc":{"start":{"line":23,"column":45},"end":{"line":33,"column":7}},"line":23},"4":{"name":"(anonymous_4)","decl":{"start":{"line":25,"column":27},"end":{"line":25,"column":28}},"loc":{"start":{"line":25,"column":40},"end":{"line":29,"column":13}},"line":25},"5":{"name":"(anonymous_5)","decl":{"start":{"line":35,"column":22},"end":{"line":35,"column":28}},"loc":{"start":{"line":35,"column":28},"end":{"line":37,"column":null}},"line":35},"6":{"name":"(anonymous_6)","decl":{"start":{"line":39,"column":22},"end":{"line":39,"column":28}},"loc":{"start":{"line":39,"column":28},"end":{"line":43,"column":null}},"line":39},"7":{"name":"(anonymous_7)","decl":{"start":{"line":45,"column":27},"end":{"line":45,"column":33}},"loc":{"start":{"line":45,"column":33},"end":{"line":56,"column":null}},"line":45}},"branchMap":{"0":{"loc":{"start":{"line":24,"column":8},"end":{"line":32,"column":null}},"type":"if","locations":[{"start":{"line":24,"column":8},"end":{"line":32,"column":null}},{"start":{"line":30,"column":15},"end":{"line":32,"column":null}}],"line":24},"1":{"loc":{"start":{"line":26,"column":16},"end":{"line":28,"column":null}},"type":"if","locations":[{"start":{"line":26,"column":16},"end":{"line":28,"column":null}},{"start":{},"end":{}}],"line":26},"2":{"loc":{"start":{"line":40,"column":8},"end":{"line":42,"column":null}},"type":"if","locations":[{"start":{"line":40,"column":8},"end":{"line":42,"column":null}},{"start":{},"end":{}}],"line":40},"3":{"loc":{"start":{"line":75,"column":72},"end":{"line":75,"column":106}},"type":"cond-expr","locations":[{"start":{"line":75,"column":86},"end":{"line":75,"column":104}},{"start":{"line":75,"column":104},"end":{"line":75,"column":106}}],"line":75}},"s":{"0":1,"1":0,"2":0,"3":0,"4":0,"5":0,"6":0,"7":0,"8":0,"9":0,"10":0,"11":0,"12":0,"13":0,"14":0,"15":0,"16":0,"17":0,"18":0,"19":0,"20":0,"21":0,"22":0,"23":0,"24":0},"f":{"0":0,"1":0,"2":0,"3":0,"4":0,"5":0,"6":0,"7":0},"b":{"0":[0,0],"1":[0,0],"2":[0,0],"3":[0,0]},"meta":{"lastBranch":4,"lastFunction":8,"lastStatement":25,"seen":{"s:10:23:84:Infinity":0,"f:10:23:10:29":0,"s:11:15:11:Infinity":1,"s:12:47:12:Infinity":2,"f:12:63:12:64":1,"s:12:74:12:87":3,"s:13:49:13:Infinity":4,"s:15:26:15:Infinity":5,"s:17:10:17:Infinity":6,"s:19:4:21:Infinity":7,"f:19:14:19:20":2,"s:20:8:20:Infinity":8,"s:23:10:33:Infinity":9,"f:23:39:23:45":3,"b:24:8:32:Infinity:30:15:32:Infinity":0,"s:24:8:32:Infinity":10,"s:25:12:29:Infinity":11,"f:25:27:25:28":4,"b:26:16:28:Infinity:undefined:undefined:undefined:undefined":1,"s:26:16:28:Infinity":12,"s:27:20:27:Infinity":13,"s:31:12:31:Infinity":14,"s:35:22:37:Infinity":15,"f:35:22:35:28":5,"s:36:8:36:Infinity":16,"s:39:22:43:Infinity":17,"f:39:22:39:28":6,"b:40:8:42:Infinity:undefined:undefined:undefined:undefined":2,"s:40:8:42:Infinity":18,"s:41:12:41:Infinity":19,"s:45:27:56:Infinity":20,"f:45:27:45:33":7,"s:46:24:53:Infinity":21,"s:54:8:54:Infinity":22,"s:55:8:55:Infinity":23,"s:58:4:82:Infinity":24,"b:75:86:75:104:75:104:75:106":3}}}
,"/Users/onur/projects/e-commerce/src/components/ProductList.jsx": {"path":"/Users/onur/projects/e-commerce/src/components/ProductList.jsx","statementMap":{"0":{"start":{"line":7,"column":20},"end":{"line":24,"column":null}},"1":{"start":{"line":8,"column":10},"end":{"line":8,"column":null}},"2":{"start":{"line":9,"column":29},"end":{"line":9,"column":null}},"3":{"start":{"line":9,"column":56},"end":{"line":9,"column":69}},"4":{"start":{"line":11,"column":4},"end":{"line":13,"column":null}},"5":{"start":{"line":12,"column":8},"end":{"line":12,"column":null}},"6":{"start":{"line":15,"column":4},"end":{"line":22,"column":null}},"7":{"start":{"line":19,"column":20},"end":{"line":19,"column":null}}},"fnMap":{"0":{"name":"(anonymous_0)","decl":{"start":{"line":7,"column":20},"end":{"line":7,"column":26}},"loc":{"start":{"line":7,"column":26},"end":{"line":24,"column":null}},"line":7},"1":{"name":"(anonymous_1)","decl":{"start":{"line":9,"column":45},"end":{"line":9,"column":46}},"loc":{"start":{"line":9,"column":56},"end":{"line":9,"column":69}},"line":9},"2":{"name":"(anonymous_2)","decl":{"start":{"line":11,"column":14},"end":{"line":11,"column":20}},"loc":{"start":{"line":11,"column":20},"end":{"line":13,"column":7}},"line":11},"3":{"name":"(anonymous_3)","decl":{"start":{"line":18,"column":98},"end":{"line":18,"column":99}},"loc":{"start":{"line":19,"column":20},"end":{"line":19,"column":null}},"line":19}},"branchMap":{"0":{"loc":{"start":{"line":18,"column":16},"end":{"line":20,"column":null}},"type":"cond-expr","locations":[{"start":{"line":18,"column":47},"end":{"line":18,"column":76}},{"start":{"line":18,"column":76},"end":{"line":20,"column":null}}],"line":18}},"s":{"0":1,"1":0,"2":0,"3":0,"4":0,"5":0,"6":0,"7":0},"f":{"0":0,"1":0,"2":0,"3":0},"b":{"0":[0,0]},"meta":{"lastBranch":1,"lastFunction":4,"lastStatement":8,"seen":{"s:7:20:24:Infinity":0,"f:7:20:7:26":0,"s:8:10:8:Infinity":1,"s:9:29:9:Infinity":2,"f:9:45:9:46":1,"s:9:56:9:69":3,"s:11:4:13:Infinity":4,"f:11:14:11:20":2,"s:12:8:12:Infinity":5,"s:15:4:22:Infinity":6,"b:18:47:18:76:18:76:20:Infinity":0,"f:18:98:18:99":3,"s:19:20:19:Infinity":7}}}
,"/Users/onur/projects/e-commerce/src/config/RouterConfig.jsx": {"path":"/Users/onur/projects/e-commerce/src/config/RouterConfig.jsx","statementMap":{"0":{"start":{"line":7,"column":21},"end":{"line":15,"column":null}},"1":{"start":{"line":8,"column":4},"end":{"line":13,"column":null}}},"fnMap":{"0":{"name":"(anonymous_0)","decl":{"start":{"line":7,"column":21},"end":{"line":7,"column":27}},"loc":{"start":{"line":7,"column":27},"end":{"line":15,"column":null}},"line":7}},"branchMap":{},"s":{"0":2,"1":3},"f":{"0":3},"b":{},"meta":{"lastBranch":0,"lastFunction":1,"lastStatement":2,"seen":{"s:7:21:15:Infinity":0,"f:7:21:7:27":0,"s:8:4:13:Infinity":1}}}
,"/Users/onur/projects/e-commerce/src/container/PageContainer.jsx": {"path":"/Users/onur/projects/e-commerce/src/container/PageContainer.jsx","statementMap":{"0":{"start":{"line":4,"column":22},"end":{"line":10,"column":null}},"1":{"start":{"line":5,"column":4},"end":{"line":8,"column":null}}},"fnMap":{"0":{"name":"(anonymous_0)","decl":{"start":{"line":4,"column":22},"end":{"line":4,"column":23}},"loc":{"start":{"line":4,"column":40},"end":{"line":10,"column":null}},"line":4}},"branchMap":{},"s":{"0":2,"1":2},"f":{"0":2},"b":{},"meta":{"lastBranch":0,"lastFunction":1,"lastStatement":2,"seen":{"s:4:22:10:Infinity":0,"f:4:22:4:23":0,"s:5:4:8:Infinity":1}}}
,"/Users/onur/projects/e-commerce/src/css/cartDrawer.css": {"path":"/Users/onur/projects/e-commerce/src/css/cartDrawer.css","statementMap":{},"fnMap":{},"branchMap":{},"s":{},"f":{},"b":{},"meta":{"lastBranch":0,"lastFunction":0,"lastStatement":0,"seen":{}}}
,"/Users/onur/projects/e-commerce/src/css/header.css": {"path":"/Users/onur/projects/e-commerce/src/css/header.css","statementMap":{},"fnMap":{},"branchMap":{},"s":{},"f":{},"b":{},"meta":{"lastBranch":0,"lastFunction":0,"lastStatement":0,"seen":{}}}
,"/Users/onur/projects/e-commerce/src/css/loader.css": {"path":"/Users/onur/projects/e-commerce/src/css/loader.css","statementMap":{},"fnMap":{},"branchMap":{},"s":{},"f":{},"b":{},"meta":{"lastBranch":0,"lastFunction":0,"lastStatement":0,"seen":{}}}
,"/Users/onur/projects/e-commerce/src/css/notFound.css": {"path":"/Users/onur/projects/e-commerce/src/css/notFound.css","statementMap":{},"fnMap":{},"branchMap":{},"s":{},"f":{},"b":{},"meta":{"lastBranch":0,"lastFunction":0,"lastStatement":0,"seen":{}}}
,"/Users/onur/projects/e-commerce/src/css/product.css": {"path":"/Users/onur/projects/e-commerce/src/css/product.css","statementMap":{},"fnMap":{},"branchMap":{},"s":{},"f":{},"b":{},"meta":{"lastBranch":0,"lastFunction":0,"lastStatement":0,"seen":{}}}
,"/Users/onur/projects/e-commerce/src/css/productDetails.css": {"path":"/Users/onur/projects/e-commerce/src/css/productDetails.css","statementMap":{},"fnMap":{},"branchMap":{},"s":{},"f":{},"b":{},"meta":{"lastBranch":0,"lastFunction":0,"lastStatement":0,"seen":{}}}
,"/Users/onur/projects/e-commerce/src/css/productList.css": {"path":"/Users/onur/projects/e-commerce/src/css/productList.css","statementMap":{},"fnMap":{},"branchMap":{},"s":{},"f":{},"b":{},"meta":{"lastBranch":0,"lastFunction":0,"lastStatement":0,"seen":{}}}
,"/Users/onur/projects/e-commerce/src/pages/Home.jsx": {"path":"/Users/onur/projects/e-commerce/src/pages/Home.jsx","statementMap":{"0":{"start":{"line":4,"column":13},"end":{"line":10,"column":null}},"1":{"start":{"line":5,"column":4},"end":{"line":8,"column":null}}},"fnMap":{"0":{"name":"(anonymous_0)","decl":{"start":{"line":4,"column":13},"end":{"line":4,"column":19}},"loc":{"start":{"line":4,"column":19},"end":{"line":10,"column":null}},"line":4}},"branchMap":{},"s":{"0":2,"1":2},"f":{"0":2},"b":{},"meta":{"lastBranch":0,"lastFunction":1,"lastStatement":2,"seen":{"s:4:13:10:Infinity":0,"f:4:13:4:19":0,"s:5:4:8:Infinity":1}}}
,"/Users/onur/projects/e-commerce/src/redux/store.jsx": {"path":"/Users/onur/projects/e-commerce/src/redux/store.jsx","statementMap":{"0":{"start":{"line":6,"column":13},"end":{"line":12,"column":null}}},"fnMap":{},"branchMap":{},"s":{"0":2},"f":{},"b":{},"meta":{"lastBranch":0,"lastFunction":0,"lastStatement":1,"seen":{"s:6:13:12:Infinity":0}}}
,"/Users/onur/projects/e-commerce/src/redux/slices/appSlice.jsx": {"path":"/Users/onur/projects/e-commerce/src/redux/slices/appSlice.jsx","statementMap":{"0":{"start":{"line":3,"column":21},"end":{"line":5,"column":null}},"1":{"start":{"line":7,"column":13},"end":{"line":11,"column":null}},"2":{"start":{"line":13,"column":19},"end":{"line":13,"column":null}}},"fnMap":{},"branchMap":{},"s":{"0":3,"1":3,"2":3},"f":{},"b":{},"meta":{"lastBranch":0,"lastFunction":0,"lastStatement":3,"seen":{"s:3:21:5:Infinity":0,"s:7:13:11:Infinity":1,"s:13:19:13:Infinity":2}}}
,"/Users/onur/projects/e-commerce/src/redux/slices/cartSlice.jsx": {"path":"/Users/onur/projects/e-commerce/src/redux/slices/cartSlice.jsx","statementMap":{"0":{"start":{"line":4,"column":27},"end":{"line":9,"column":null}},"1":{"start":{"line":5,"column":4},"end":{"line":7,"column":null}},"2":{"start":{"line":6,"column":8},"end":{"line":6,"column":null}},"3":{"start":{"line":8,"column":4},"end":{"line":8,"column":null}},"4":{"start":{"line":11,"column":21},"end":{"line":15,"column":null}},"5":{"start":{"line":17,"column":31},"end":{"line":19,"column":null}},"6":{"start":{"line":18,"column":4},"end":{"line":18,"column":null}},"7":{"start":{"line":21,"column":13},"end":{"line":49,"column":null}},"8":{"start":{"line":26,"column":28},"end":{"line":26,"column":null}},"9":{"start":{"line":26,"column":55},"end":{"line":26,"column":81}},"10":{"start":{"line":27,"column":12},"end":{"line":31,"column":null}},"11":{"start":{"line":28,"column":16},"end":{"line":28,"column":null}},"12":{"start":{"line":30,"column":16},"end":{"line":30,"column":null}},"13":{"start":{"line":32,"column":12},"end":{"line":32,"column":null}},"14":{"start":{"line":35,"column":12},"end":{"line":35,"column":null}},"15":{"start":{"line":38,"column":12},"end":{"line":38,"column":null}},"16":{"start":{"line":39,"column":12},"end":{"line":41,"column":null}},"17":{"start":{"line":40,"column":16},"end":{"line":40,"column":null}},"18":{"start":{"line":44,"column":38},"end":{"line":44,"column":null}},"19":{"start":{"line":44,"column":74},"end":{"line":44,"column":103}},"20":{"start":{"line":45,"column":12},"end":{"line":45,"column":null}},"21":{"start":{"line":46,"column":12},"end":{"line":46,"column":null}},"22":{"start":{"line":51,"column":78},"end":{"line":51,"column":null}}},"fnMap":{"0":{"name":"(anonymous_0)","decl":{"start":{"line":4,"column":27},"end":{"line":4,"column":33}},"loc":{"start":{"line":4,"column":33},"end":{"line":9,"column":null}},"line":4},"1":{"name":"(anonymous_1)","decl":{"start":{"line":17,"column":31},"end":{"line":17,"column":32}},"loc":{"start":{"line":17,"column":41},"end":{"line":19,"column":null}},"line":17},"2":{"name":"(anonymous_2)","decl":{"start":{"line":25,"column":19},"end":{"line":25,"column":20}},"loc":{"start":{"line":25,"column":38},"end":{"line":33,"column":null}},"line":25},"3":{"name":"(anonymous_3)","decl":{"start":{"line":26,"column":48},"end":{"line":26,"column":49}},"loc":{"start":{"line":26,"column":55},"end":{"line":26,"column":81}},"line":26},"4":{"name":"(anonymous_4)","decl":{"start":{"line":34,"column":19},"end":{"line":34,"column":20}},"loc":{"start":{"line":34,"column":30},"end":{"line":36,"column":null}},"line":34},"5":{"name":"(anonymous_5)","decl":{"start":{"line":37,"column":30},"end":{"line":37,"column":31}},"loc":{"start":{"line":37,"column":41},"end":{"line":42,"column":null}},"line":37},"6":{"name":"(anonymous_6)","decl":{"start":{"line":39,"column":32},"end":{"line":39,"column":33}},"loc":{"start":{"line":39,"column":45},"end":{"line":41,"column":13}},"line":39},"7":{"name":"(anonymous_7)","decl":{"start":{"line":43,"column":24},"end":{"line":43,"column":25}},"loc":{"start":{"line":43,"column":43},"end":{"line":47,"column":null}},"line":43},"8":{"name":"(anonymous_8)","decl":{"start":{"line":44,"column":61},"end":{"line":44,"column":62}},"loc":{"start":{"line":44,"column":74},"end":{"line":44,"column":103}},"line":44}},"branchMap":{"0":{"loc":{"start":{"line":5,"column":4},"end":{"line":7,"column":null}},"type":"if","locations":[{"start":{"line":5,"column":4},"end":{"line":7,"column":null}},{"start":{},"end":{}}],"line":5},"1":{"loc":{"start":{"line":27,"column":12},"end":{"line":31,"column":null}},"type":"if","locations":[{"start":{"line":27,"column":12},"end":{"line":31,"column":null}},{"start":{"line":29,"column":19},"end":{"line":31,"column":null}}],"line":27}},"s":{"0":5,"1":5,"2":0,"3":5,"4":5,"5":5,"6":3,"7":5,"8":2,"9":1,"10":2,"11":1,"12":1,"13":2,"14":3,"15":1,"16":1,"17":2,"18":1,"19":2,"20":1,"21":1,"22":5},"f":{"0":5,"1":3,"2":2,"3":1,"4":3,"5":1,"6":2,"7":1,"8":2},"b":{"0":[0,5],"1":[1,1]},"meta":{"lastBranch":2,"lastFunction":9,"lastStatement":23,"seen":{"s:4:27:9:Infinity":0,"f:4:27:4:33":0,"b:5:4:7:Infinity:undefined:undefined:undefined:undefined":0,"s:5:4:7:Infinity":1,"s:6:8:6:Infinity":2,"s:8:4:8:Infinity":3,"s:11:21:15:Infinity":4,"s:17:31:19:Infinity":5,"f:17:31:17:32":1,"s:18:4:18:Infinity":6,"s:21:13:49:Infinity":7,"f:25:19:25:20":2,"s:26:28:26:Infinity":8,"f:26:48:26:49":3,"s:26:55:26:81":9,"b:27:12:31:Infinity:29:19:31:Infinity":1,"s:27:12:31:Infinity":10,"s:28:16:28:Infinity":11,"s:30:16:30:Infinity":12,"s:32:12:32:Infinity":13,"f:34:19:34:20":4,"s:35:12:35:Infinity":14,"f:37:30:37:31":5,"s:38:12:38:Infinity":15,"s:39:12:41:Infinity":16,"f:39:32:39:33":6,"s:40:16:40:Infinity":17,"f:43:24:43:25":7,"s:44:38:44:Infinity":18,"f:44:61:44:62":8,"s:44:74:44:103":19,"s:45:12:45:Infinity":20,"s:46:12:46:Infinity":21,"s:51:78:51:Infinity":22}}}
,"/Users/onur/projects/e-commerce/src/redux/slices/productSlice.jsx": {"path":"/Users/onur/projects/e-commerce/src/redux/slices/productSlice.jsx","statementMap":{"0":{"start":{"line":4,"column":21},"end":{"line":9,"column":null}},"1":{"start":{"line":11,"column":17},"end":{"line":11,"column":null}},"2":{"start":{"line":13,"column":13},"end":{"line":19,"column":null}},"3":{"start":{"line":16,"column":25},"end":{"line":16,"column":null}},"4":{"start":{"line":17,"column":8},"end":{"line":17,"column":null}},"5":{"start":{"line":21,"column":13},"end":{"line":27,"column":null}},"6":{"start":{"line":24,"column":25},"end":{"line":24,"column":null}},"7":{"start":{"line":25,"column":8},"end":{"line":25,"column":null}},"8":{"start":{"line":29,"column":13},"end":{"line":58,"column":null}},"9":{"start":{"line":34,"column":12},"end":{"line":34,"column":null}},"10":{"start":{"line":37,"column":35},"end":{"line":37,"column":null}},"11":{"start":{"line":38,"column":12},"end":{"line":38,"column":null}},"12":{"start":{"line":38,"column":73},"end":{"line":38,"column":125}},"13":{"start":{"line":42,"column":8},"end":{"line":44,"column":null}},"14":{"start":{"line":43,"column":12},"end":{"line":43,"column":null}},"15":{"start":{"line":45,"column":8},"end":{"line":49,"column":null}},"16":{"start":{"line":46,"column":12},"end":{"line":46,"column":null}},"17":{"start":{"line":47,"column":12},"end":{"line":47,"column":null}},"18":{"start":{"line":48,"column":12},"end":{"line":48,"column":null}},"19":{"start":{"line":50,"column":8},"end":{"line":52,"column":null}},"20":{"start":{"line":51,"column":12},"end":{"line":51,"column":null}},"21":{"start":{"line":53,"column":8},"end":{"line":56,"column":null}},"22":{"start":{"line":54,"column":12},"end":{"line":54,"column":null}},"23":{"start":{"line":55,"column":12},"end":{"line":55,"column":null}},"24":{"start":{"line":60,"column":58},"end":{"line":60,"column":null}}},"fnMap":{"0":{"name":"(anonymous_0)","decl":{"start":{"line":15,"column":4},"end":{"line":15,"column":16}},"loc":{"start":{"line":15,"column":16},"end":{"line":18,"column":null}},"line":15},"1":{"name":"(anonymous_1)","decl":{"start":{"line":23,"column":4},"end":{"line":23,"column":11}},"loc":{"start":{"line":23,"column":18},"end":{"line":26,"column":null}},"line":23},"2":{"name":"(anonymous_2)","decl":{"start":{"line":33,"column":28},"end":{"line":33,"column":29}},"loc":{"start":{"line":33,"column":47},"end":{"line":35,"column":null}},"line":33},"3":{"name":"(anonymous_3)","decl":{"start":{"line":36,"column":28},"end":{"line":36,"column":29}},"loc":{"start":{"line":36,"column":47},"end":{"line":39,"column":null}},"line":36},"4":{"name":"(anonymous_4)","decl":{"start":{"line":38,"column":60},"end":{"line":38,"column":61}},"loc":{"start":{"line":38,"column":73},"end":{"line":38,"column":125}},"line":38},"5":{"name":"(anonymous_5)","decl":{"start":{"line":41,"column":19},"end":{"line":41,"column":20}},"loc":{"start":{"line":41,"column":32},"end":{"line":57,"column":null}},"line":41},"6":{"name":"(anonymous_6)","decl":{"start":{"line":42,"column":48},"end":{"line":42,"column":49}},"loc":{"start":{"line":42,"column":59},"end":{"line":44,"column":9}},"line":42},"7":{"name":"(anonymous_7)","decl":{"start":{"line":45,"column":50},"end":{"line":45,"column":51}},"loc":{"start":{"line":45,"column":69},"end":{"line":49,"column":9}},"line":45},"8":{"name":"(anonymous_8)","decl":{"start":{"line":50,"column":55},"end":{"line":50,"column":56}},"loc":{"start":{"line":50,"column":66},"end":{"line":52,"column":9}},"line":50},"9":{"name":"(anonymous_9)","decl":{"start":{"line":53,"column":57},"end":{"line":53,"column":58}},"loc":{"start":{"line":53,"column":76},"end":{"line":56,"column":9}},"line":53}},"branchMap":{},"s":{"0":4,"1":4,"2":4,"3":0,"4":0,"5":4,"6":0,"7":0,"8":4,"9":1,"10":1,"11":1,"12":2,"13":4,"14":1,"15":4,"16":1,"17":1,"18":1,"19":4,"20":0,"21":4,"22":1,"23":1,"24":4},"f":{"0":0,"1":0,"2":1,"3":1,"4":2,"5":4,"6":1,"7":1,"8":0,"9":1},"b":{},"meta":{"lastBranch":0,"lastFunction":10,"lastStatement":25,"seen":{"s:4:21:9:Infinity":0,"s:11:17:11:Infinity":1,"s:13:13:19:Infinity":2,"f:15:4:15:16":0,"s:16:25:16:Infinity":3,"s:17:8:17:Infinity":4,"s:21:13:27:Infinity":5,"f:23:4:23:11":1,"s:24:25:24:Infinity":6,"s:25:8:25:Infinity":7,"s:29:13:58:Infinity":8,"f:33:28:33:29":2,"s:34:12:34:Infinity":9,"f:36:28:36:29":3,"s:37:35:37:Infinity":10,"s:38:12:38:Infinity":11,"f:38:60:38:61":4,"s:38:73:38:125":12,"f:41:19:41:20":5,"s:42:8:44:Infinity":13,"f:42:48:42:49":6,"s:43:12:43:Infinity":14,"s:45:8:49:Infinity":15,"f:45:50:45:51":7,"s:46:12:46:Infinity":16,"s:47:12:47:Infinity":17,"s:48:12:48:Infinity":18,"s:50:8:52:Infinity":19,"f:50:55:50:56":8,"s:51:12:51:Infinity":20,"s:53:8:56:Infinity":21,"f:53:57:53:58":9,"s:54:12:54:Infinity":22,"s:55:12:55:Infinity":23,"s:60:58:60:Infinity":24}}}
}
